<?xml version="1.0" encoding="UTF-8"?>
<coverage generated="1758764265290" clover="3.2.0">
  <project timestamp="1758764265290" name="All files">
    <metrics statements="20" coveredstatements="19" conditionals="4" coveredconditionals="4" methods="4" coveredmethods="3" elements="28" coveredelements="26" complexity="0" loc="20" ncloc="20" packages="1" files="5" classes="5"/>
    <file name="currencyConverter.ts" path="C:\Users\Vinicius Rossi\Desktop\TypeScript\dnc-sales-dashboard-vinirossi\src\utils\currencyConverter.ts">
      <metrics statements="2" coveredstatements="1" conditionals="0" coveredconditionals="0" methods="1" coveredmethods="0"/>
      <line num="7" count="3" type="stmt"/>
      <line num="8" count="0" type="stmt"/>
    </file>
    <file name="highlightTextConvert.ts" path="C:\Users\Vinicius Rossi\Desktop\TypeScript\dnc-sales-dashboard-vinirossi\src\utils\highlightTextConvert.ts">
      <metrics statements="6" coveredstatements="6" conditionals="4" coveredconditionals="4" methods="1" coveredmethods="1"/>
      <line num="7" count="3" type="stmt"/>
      <line num="8" count="4" type="cond" truecount="4" falsecount="0"/>
      <line num="10" count="1" type="stmt"/>
      <line num="12" count="1" type="stmt"/>
      <line num="14" count="1" type="stmt"/>
      <line num="16" count="1" type="stmt"/>
    </file>
    <file name="index.ts" path="C:\Users\Vinicius Rossi\Desktop\TypeScript\dnc-sales-dashboard-vinirossi\src\utils\index.ts">
      <metrics statements="4" coveredstatements="4" conditionals="0" coveredconditionals="0" methods="0" coveredmethods="0"/>
      <line num="1" count="3" type="stmt"/>
      <line num="2" count="3" type="stmt"/>
      <line num="3" count="3" type="stmt"/>
      <line num="4" count="3" type="stmt"/>
    </file>
    <file name="jwtExpirationDateConverter.ts" path="C:\Users\Vinicius Rossi\Desktop\TypeScript\dnc-sales-dashboard-vinirossi\src\utils\jwtExpirationDateConverter.ts">
      <metrics statements="6" coveredstatements="6" conditionals="0" coveredconditionals="0" methods="1" coveredmethods="1"/>
      <line num="7" count="3" type="stmt"/>
      <line num="8" count="3" type="stmt"/>
      <line num="9" count="3" type="stmt"/>
      <line num="10" count="3" type="stmt"/>
      <line num="11" count="3" type="stmt"/>
      <line num="12" count="3" type="stmt"/>
    </file>
    <file name="pxToRem.ts" path="C:\Users\Vinicius Rossi\Desktop\TypeScript\dnc-sales-dashboard-vinirossi\src\utils\pxToRem.ts">
      <metrics statements="2" coveredstatements="2" conditionals="0" coveredconditionals="0" methods="1" coveredmethods="1"/>
      <line num="7" count="3" type="stmt"/>
      <line num="8" count="7" type="stmt"/>
    </file>
  </project>
</coverage>
