{"C:\\Users\\Vinicius Rossi\\Desktop\\TypeScript\\dnc-sales-dashboard-vinirossi\\src\\utils\\currencyConverter.ts": {"path":"C:\\Users\\Vinicius Rossi\\Desktop\\TypeScript\\dnc-sales-dashboard-vinirossi\\src\\utils\\currencyConverter.ts","statementMap":{"0":{"start":{"line":7,"column":0},"end":{"line":7,"column":16}},"1":{"start":{"line":8,"column":4},"end":{"line":11,"column":null}}},"fnMap":{"0":{"name":"currencyConverter","decl":{"start":{"line":7,"column":16},"end":{"line":7,"column":33}},"loc":{"start":{"line":7,"column":48},"end":{"line":12,"column":1}}}},"branchMap":{},"s":{"0":3,"1":0},"f":{"0":0},"b":{}}
,"C:\\Users\\Vinicius Rossi\\Desktop\\TypeScript\\dnc-sales-dashboard-vinirossi\\src\\utils\\highlightTextConvert.ts": {"path":"C:\\Users\\Vinicius Rossi\\Desktop\\TypeScript\\dnc-sales-dashboard-vinirossi\\src\\utils\\highlightTextConvert.ts","statementMap":{"0":{"start":{"line":7,"column":0},"end":{"line":7,"column":16}},"1":{"start":{"line":8,"column":4},"end":{"line":17,"column":5}},"2":{"start":{"line":10,"column":12},"end":{"line":10,"column":null}},"3":{"start":{"line":12,"column":12},"end":{"line":12,"column":null}},"4":{"start":{"line":14,"column":12},"end":{"line":14,"column":null}},"5":{"start":{"line":16,"column":8},"end":{"line":16,"column":null}}},"fnMap":{"0":{"name":"highlightTextConverter","decl":{"start":{"line":7,"column":16},"end":{"line":7,"column":38}},"loc":{"start":{"line":7,"column":52},"end":{"line":18,"column":1}}}},"branchMap":{"0":{"loc":{"start":{"line":8,"column":4},"end":{"line":17,"column":5}},"type":"switch","locations":[{"start":{"line":9,"column":8},"end":{"line":10,"column":null}},{"start":{"line":11,"column":8},"end":{"line":12,"column":null}},{"start":{"line":13,"column":8},"end":{"line":14,"column":null}},{"start":{"line":15,"column":8},"end":{"line":16,"column":null}}]}},"s":{"0":3,"1":4,"2":1,"3":1,"4":1,"5":1},"f":{"0":4},"b":{"0":[1,1,1,1]}}
,"C:\\Users\\Vinicius Rossi\\Desktop\\TypeScript\\dnc-sales-dashboard-vinirossi\\src\\utils\\index.ts": {"path":"C:\\Users\\Vinicius Rossi\\Desktop\\TypeScript\\dnc-sales-dashboard-vinirossi\\src\\utils\\index.ts","statementMap":{"0":{"start":{"line":1,"column":0},"end":{"line":1,"column":35}},"1":{"start":{"line":2,"column":0},"end":{"line":2,"column":44}},"2":{"start":{"line":3,"column":0},"end":{"line":3,"column":25}},"3":{"start":{"line":4,"column":0},"end":{"line":4,"column":38}}},"fnMap":{},"branchMap":{},"s":{"0":3,"1":3,"2":3,"3":3},"f":{},"b":{}}
,"C:\\Users\\Vinicius Rossi\\Desktop\\TypeScript\\dnc-sales-dashboard-vinirossi\\src\\utils\\jwtExpirationDateConverter.ts": {"path":"C:\\Users\\Vinicius Rossi\\Desktop\\TypeScript\\dnc-sales-dashboard-vinirossi\\src\\utils\\jwtExpirationDateConverter.ts","statementMap":{"0":{"start":{"line":7,"column":0},"end":{"line":7,"column":16}},"1":{"start":{"line":8,"column":24},"end":{"line":8,"column":53}},"2":{"start":{"line":9,"column":35},"end":{"line":9,"column":52}},"3":{"start":{"line":10,"column":25},"end":{"line":10,"column":37}},"4":{"start":{"line":11,"column":32},"end":{"line":11,"column":70}},"5":{"start":{"line":12,"column":4},"end":{"line":12,"column":null}}},"fnMap":{"0":{"name":"jwtExpirationDateConverter","decl":{"start":{"line":7,"column":16},"end":{"line":7,"column":42}},"loc":{"start":{"line":7,"column":55},"end":{"line":13,"column":1}}}},"branchMap":{},"s":{"0":3,"1":3,"2":3,"3":3,"4":3,"5":3},"f":{"0":3},"b":{}}
,"C:\\Users\\Vinicius Rossi\\Desktop\\TypeScript\\dnc-sales-dashboard-vinirossi\\src\\utils\\pxToRem.ts": {"path":"C:\\Users\\Vinicius Rossi\\Desktop\\TypeScript\\dnc-sales-dashboard-vinirossi\\src\\utils\\pxToRem.ts","statementMap":{"0":{"start":{"line":7,"column":0},"end":{"line":7,"column":16}},"1":{"start":{"line":8,"column":4},"end":{"line":8,"column":null}}},"fnMap":{"0":{"name":"pxToRem","decl":{"start":{"line":7,"column":16},"end":{"line":7,"column":23}},"loc":{"start":{"line":7,"column":39},"end":{"line":9,"column":1}}}},"branchMap":{},"s":{"0":3,"1":7},"f":{"0":7},"b":{}}
}
