TN:
SF:src\utils\currencyConverter.ts
FN:7,currencyConverter
FNF:1
FNH:0
FNDA:0,currencyConverter
DA:7,3
DA:8,0
LF:2
LH:1
BRF:0
BRH:0
end_of_record
TN:
SF:src\utils\highlightTextConvert.ts
FN:7,highlightTextConverter
FNF:1
FNH:1
FNDA:4,highlightTextConverter
DA:7,3
DA:8,4
DA:10,1
DA:12,1
DA:14,1
DA:16,1
LF:6
LH:6
BRDA:8,0,0,1
BRDA:8,0,1,1
BRDA:8,0,2,1
BRDA:8,0,3,1
BRF:4
BRH:4
end_of_record
TN:
SF:src\utils\index.ts
FNF:0
FNH:0
DA:1,3
DA:2,3
DA:3,3
DA:4,3
LF:4
LH:4
BRF:0
BRH:0
end_of_record
TN:
SF:src\utils\jwtExpirationDateConverter.ts
FN:7,jwtExpirationDateConverter
FNF:1
FNH:1
FNDA:3,jwtExpirationDateConverter
DA:7,3
DA:8,3
DA:9,3
DA:10,3
DA:11,3
DA:12,3
LF:6
LH:6
BRF:0
BRH:0
end_of_record
TN:
SF:src\utils\pxToRem.ts
FN:7,pxToRem
FNF:1
FNH:1
FNDA:7,pxToRem
DA:7,3
DA:8,7
LF:2
LH:2
BRF:0
BRH:0
end_of_record
